2026-03-01 17:27:14,112 - FilesystemWatcher - INFO - Starting FilesystemWatcher with observer
2026-03-01 17:27:14,112 - FilesystemWatcher - INFO - Drop folder: AI_Employee_Vault\Inbox
2026-03-01 17:27:55,049 - FilesystemWatcher - INFO - Starting FilesystemWatcher with observer
2026-03-01 17:27:55,049 - FilesystemWatcher - INFO - Drop folder: AI_Employee_Vault\Inbox
2026-03-01 17:29:25,729 - FilesystemWatcher - INFO - Starting FilesystemWatcher
2026-03-01 17:29:25,729 - FilesystemWatcher - INFO - Vault path: C:\Users\shahr\Desktop\Bronze-Tier\AI_Employee_Vault
2026-03-01 17:29:25,729 - FilesystemWatcher - INFO - Check interval: 2 seconds
2026-03-01 17:29:27,746 - FilesystemWatcher - INFO - Found 1 new item(s)
2026-03-01 17:29:27,751 - FilesystemWatcher - INFO - Copied file to: AI_Employee_Vault\Files\test_watcher_2026-03-01.txt
2026-03-01 17:29:27,752 - FilesystemWatcher - INFO - Processed new file: test_watcher_2026-03-01.txt
2026-03-01 17:29:27,752 - FilesystemWatcher - INFO - Copied file to: C:\Users\shahr\Desktop\Bronze-Tier\AI_Employee_Vault\Files\test_watcher_2026-03-01.txt
2026-03-01 17:29:27,752 - FilesystemWatcher - INFO - Created action file: FILE_e11b5126_2026-03-01.md
2026-03-01 17:29:29,754 - FilesystemWatcher - INFO - Found 1 new item(s)
2026-03-01 17:29:29,768 - FilesystemWatcher - INFO - Copied file to: C:\Users\shahr\Desktop\Bronze-Tier\AI_Employee_Vault\Files\test_watcher_2026-03-01_1.txt
2026-03-01 17:29:29,768 - FilesystemWatcher - INFO - Created action file: FILE_e11b5126_2026-03-01.md
2026-03-01 17:29:31,803 - FilesystemWatcher - INFO - Found 1 new item(s)
2026-03-01 17:29:31,812 - FilesystemWatcher - INFO - Copied file to: C:\Users\shahr\Desktop\Bronze-Tier\AI_Employee_Vault\Files\test_watcher_2026-03-01_2.txt
2026-03-01 17:29:31,813 - FilesystemWatcher - INFO - Created action file: FILE_e11b5126_2026-03-01.md
2026-03-01 17:39:59,437 - FilesystemWatcher - INFO - Starting FilesystemWatcher with observer
2026-03-01 17:39:59,437 - FilesystemWatcher - INFO - Drop folder: AI_Employee_Vault\Inbox
2026-03-01 17:43:35,791 - FilesystemWatcher - INFO - Copied file to: AI_Employee_Vault\Files\test_file.md
2026-03-01 17:43:35,792 - FilesystemWatcher - INFO - Processed new file: test_file.md
2026-03-01 17:43:35,796 - FilesystemWatcher - INFO - Copied file to: AI_Employee_Vault\Files\test_file.md
2026-03-01 17:43:35,797 - FilesystemWatcher - INFO - Processed new file: test_file.md
